# JRE version: OpenJDK Runtime Environment (17.0.6) (build 17.0.6+0-b2043.56-9586694)
# Java VM: OpenJDK 64-Bit Server VM (17.0.6+0-b2043.56-9586694, mixed mode, tiered, compressed oops, compressed class ptrs, g1 gc, windows-amd64)
GC Precious Log:
 CPUs: 8 total, 8 available
 Memory: 8023M
 Large Page Support: Disabled
 NUMA Support: Disabled
 Compressed Oops: Enabled (32-bit)
 Heap Region Size: 1M
 Heap Min Capacity: 8M
 Heap Initial Capacity: 126M
 Heap Max Capacity: 2G
 Pre-touch: Disabled
 Parallel Workers: 8
 Concurrent Workers: 2
 Concurrent Refinement Workers: 8
 Periodic GC: Disabled
Heap:
 garbage-first heap   total 83968K, used 63260K [0x0000000080000000, 0x0000000100000000)
  region size 1024K, 18 young (18432K), 3 survivors (3072K)
 Metaspace       used 65139K, committed 65536K, reserved 1105920K
  class space    used 8473K, committed 8640K, reserved 1048576K
GC Heap History (20 events):
Event: 10.102 GC heap before
{Heap before GC invocations=8 (full 0):
 garbage-first heap   total 68608K, used 48815K [0x0000000080000000, 0x0000000100000000)
  region size 1024K, 30 young (30720K), 4 survivors (4096K)
 Metaspace       used 39155K, committed 39424K, reserved 1089536K
  class space    used 5153K, committed 5312K, reserved 1048576K
}
Event: 10.109 GC heap after
{Heap after GC invocations=9 (full 0):
 garbage-first heap   total 68608K, used 26408K [0x0000000080000000, 0x0000000100000000)
  region size 1024K, 4 young (4096K), 4 survivors (4096K)
 Metaspace       used 39155K, committed 39424K, reserved 1089536K
  class space    used 5153K, committed 5312K, reserved 1048576K
}
Event: 10.507 GC heap before
{Heap before GC invocations=9 (full 0):
 garbage-first heap   total 68608K, used 52008K [0x0000000080000000, 0x0000000100000000)
  region size 1024K, 27 young (27648K), 4 survivors (4096K)
 Metaspace       used 41329K, committed 41664K, reserved 1089536K
  class space    used 5366K, committed 5504K, reserved 1048576K
}
Event: 10.516 GC heap after
{Heap after GC invocations=10 (full 0):
 garbage-first heap   total 68608K, used 28370K [0x0000000080000000, 0x0000000100000000)
  region size 1024K, 3 young (3072K), 3 survivors (3072K)
 Metaspace       used 41329K, committed 41664K, reserved 1089536K
  class space    used 5366K, committed 5504K, reserved 1048576K
}
Event: 10.939 GC heap before
{Heap before GC invocations=10 (full 0):
 garbage-first heap   total 68608K, used 49874K [0x0000000080000000, 0x0000000100000000)
  region size 1024K, 25 young (25600K), 3 survivors (3072K)
 Metaspace       used 44138K, committed 44416K, reserved 1089536K
  class space    used 5812K, committed 5952K, reserved 1048576K
}
Event: 10.945 GC heap after
{Heap after GC invocations=11 (full 0):
 garbage-first heap   total 68608K, used 30302K [0x0000000080000000, 0x0000000100000000)
  region size 1024K, 3 young (3072K), 3 survivors (3072K)
 Metaspace       used 44138K, committed 44416K, reserved 1089536K
  class space    used 5812K, committed 5952K, reserved 1048576K
}
Event: 11.231 GC heap before
{Heap before GC invocations=11 (full 0):
 garbage-first heap   total 68608K, used 51806K [0x0000000080000000, 0x0000000100000000)
  region size 1024K, 23 young (23552K), 3 survivors (3072K)
 Metaspace       used 47337K, committed 47744K, reserved 1097728K
  class space    used 6215K, committed 6400K, reserved 1048576K
}
Event: 11.234 GC heap after
{Heap after GC invocations=12 (full 0):
 garbage-first heap   total 82944K, used 31294K [0x0000000080000000, 0x0000000100000000)
  region size 1024K, 2 young (2048K), 2 survivors (2048K)
 Metaspace       used 47337K, committed 47744K, reserved 1097728K
  class space    used 6215K, committed 6400K, reserved 1048576K
}
Event: 11.725 GC heap before
{Heap before GC invocations=12 (full 0):
 garbage-first heap   total 82944K, used 62014K [0x0000000080000000, 0x0000000100000000)
  region size 1024K, 33 young (33792K), 2 survivors (2048K)
 Metaspace       used 49533K, committed 49920K, reserved 1097728K
  class space    used 6516K, committed 6720K, reserved 1048576K
}
Event: 11.730 GC heap after
{Heap after GC invocations=13 (full 0):
 garbage-first heap   total 82944K, used 33642K [0x0000000080000000, 0x0000000100000000)
  region size 1024K, 4 young (4096K), 4 survivors (4096K)
 Metaspace       used 49533K, committed 49920K, reserved 1097728K
  class space    used 6516K, committed 6720K, reserved 1048576K
}
Event: 12.292 GC heap before
{Heap before GC invocations=13 (full 0):
 garbage-first heap   total 82944K, used 66410K [0x0000000080000000, 0x0000000100000000)
  region size 1024K, 33 young (33792K), 4 survivors (4096K)
 Metaspace       used 51195K, committed 51648K, reserved 1097728K
  class space    used 6736K, committed 6912K, reserved 1048576K
}
Event: 12.300 GC heap after
{Heap after GC invocations=14 (full 0):
 garbage-first heap   total 82944K, used 44783K [0x0000000080000000, 0x0000000100000000)
  region size 1024K, 5 young (5120K), 5 survivors (5120K)
 Metaspace       used 51195K, committed 51648K, reserved 1097728K
  class space    used 6736K, committed 6912K, reserved 1048576K
}
Event: 13.073 GC heap before
{Heap before GC invocations=14 (full 0):
 garbage-first heap   total 82944K, used 62191K [0x0000000080000000, 0x0000000100000000)
  region size 1024K, 23 young (23552K), 5 survivors (5120K)
 Metaspace       used 54188K, committed 54592K, reserved 1097728K
  class space    used 7115K, committed 7296K, reserved 1048576K
}
Event: 13.082 GC heap after
{Heap after GC invocations=15 (full 0):
 garbage-first heap   total 82944K, used 46221K [0x0000000080000000, 0x0000000100000000)
  region size 1024K, 2 young (2048K), 2 survivors (2048K)
 Metaspace       used 54188K, committed 54592K, reserved 1097728K
  class space    used 7115K, committed 7296K, reserved 1048576K
}
Event: 13.829 GC heap before
{Heap before GC invocations=16 (full 0):
 garbage-first heap   total 82944K, used 63629K [0x0000000080000000, 0x0000000100000000)
  region size 1024K, 19 young (19456K), 2 survivors (2048K)
 Metaspace       used 57655K, committed 58112K, reserved 1105920K
  class space    used 7546K, committed 7744K, reserved 1048576K
}
Event: 13.832 GC heap after
{Heap after GC invocations=17 (full 0):
 garbage-first heap   total 82944K, used 46626K [0x0000000080000000, 0x0000000100000000)
  region size 1024K, 2 young (2048K), 2 survivors (2048K)
 Metaspace       used 57655K, committed 58112K, reserved 1105920K
  class space    used 7546K, committed 7744K, reserved 1048576K
}
Event: 14.278 GC heap before
{Heap before GC invocations=17 (full 0):
 garbage-first heap   total 82944K, used 65058K [0x0000000080000000, 0x0000000100000000)
  region size 1024K, 20 young (20480K), 2 survivors (2048K)
 Metaspace       used 61169K, committed 61632K, reserved 1105920K
  class space    used 7975K, committed 8192K, reserved 1048576K
}
Event: 14.286 GC heap after
{Heap after GC invocations=18 (full 0):
 garbage-first heap   total 82944K, used 47756K [0x0000000080000000, 0x0000000100000000)
  region size 1024K, 3 young (3072K), 3 survivors (3072K)
 Metaspace       used 61169K, committed 61632K, reserved 1105920K
  class space    used 7975K, committed 8192K, reserved 1048576K
}
Event: 14.873 GC heap before
{Heap before GC invocations=19 (full 0):
 garbage-first heap   total 83968K, used 66188K [0x0000000080000000, 0x0000000100000000)
  region size 1024K, 21 young (21504K), 3 survivors (3072K)
 Metaspace       used 63670K, committed 64192K, reserved 1105920K
  class space    used 8287K, committed 8512K, reserved 1048576K
}
Event: 14.878 GC heap after
{Heap after GC invocations=20 (full 0):
 garbage-first heap   total 83968K, used 49948K [0x0000000080000000, 0x0000000100000000)
  region size 1024K, 3 young (3072K), 3 survivors (3072K)
 Metaspace       used 63670K, committed 64192K, reserved 1105920K
  class space    used 8287K, committed 8512K, reserved 1048576K
}

