# JRE version: OpenJDK Runtime Environment (17.0.6) (build 17.0.6+0-b2043.56-9586694)
# Java VM: OpenJDK 64-Bit Server VM (17.0.6+0-b2043.56-9586694, mixed mode, tiered, compressed oops, compressed class ptrs, g1 gc, windows-amd64)
GC Precious Log:
 CPUs: 8 total, 8 available
 Memory: 8023M
 Large Page Support: Disabled
 NUMA Support: Disabled
 Compressed Oops: Enabled (32-bit)
 Heap Region Size: 1M
 Heap Min Capacity: 8M
 Heap Initial Capacity: 126M
 Heap Max Capacity: 2G
 Pre-touch: Disabled
 Parallel Workers: 8
 Concurrent Workers: 2
 Concurrent Refinement Workers: 8
 Periodic GC: Disabled
Heap:
 garbage-first heap   total 102400K, used 71494K [0x0000000080000000, 0x0000000100000000)
  region size 1024K, 18 young (18432K), 4 survivors (4096K)
 Metaspace       used 73667K, committed 74176K, reserved 1114112K
  class space    used 9814K, committed 10048K, reserved 1048576K
GC Heap History (20 events):
Event: 7.754 GC heap before
{Heap before GC invocations=20 (full 0):
 garbage-first heap   total 78848K, used 50548K [0x0000000080000000, 0x0000000100000000)
  region size 1024K, 11 young (11264K), 3 survivors (3072K)
 Metaspace       used 50210K, committed 50624K, reserved 1097728K
  class space    used 6618K, committed 6784K, reserved 1048576K
}
Event: 7.758 GC heap after
{Heap after GC invocations=21 (full 0):
 garbage-first heap   total 78848K, used 45354K [0x0000000080000000, 0x0000000100000000)
  region size 1024K, 2 young (2048K), 2 survivors (2048K)
 Metaspace       used 50210K, committed 50624K, reserved 1097728K
  class space    used 6618K, committed 6784K, reserved 1048576K
}
Event: 7.982 GC heap before
{Heap before GC invocations=21 (full 0):
 garbage-first heap   total 78848K, used 56618K [0x0000000080000000, 0x0000000100000000)
  region size 1024K, 13 young (13312K), 2 survivors (2048K)
 Metaspace       used 51813K, committed 52224K, reserved 1097728K
  class space    used 6834K, committed 7040K, reserved 1048576K
}
Event: 7.984 GC heap after
{Heap after GC invocations=22 (full 0):
 garbage-first heap   total 78848K, used 45967K [0x0000000080000000, 0x0000000100000000)
  region size 1024K, 1 young (1024K), 1 survivors (1024K)
 Metaspace       used 51813K, committed 52224K, reserved 1097728K
  class space    used 6834K, committed 7040K, reserved 1048576K
}
Event: 8.134 GC heap before
{Heap before GC invocations=23 (full 0):
 garbage-first heap   total 83968K, used 57231K [0x0000000080000000, 0x0000000100000000)
  region size 1024K, 13 young (13312K), 1 survivors (1024K)
 Metaspace       used 53903K, committed 54400K, reserved 1097728K
  class space    used 7086K, committed 7296K, reserved 1048576K
}
Event: 8.135 GC heap after
{Heap after GC invocations=24 (full 0):
 garbage-first heap   total 83968K, used 46406K [0x0000000080000000, 0x0000000100000000)
  region size 1024K, 1 young (1024K), 1 survivors (1024K)
 Metaspace       used 53903K, committed 54400K, reserved 1097728K
  class space    used 7086K, committed 7296K, reserved 1048576K
}
Event: 8.448 GC heap before
{Heap before GC invocations=24 (full 0):
 garbage-first heap   total 83968K, used 61766K [0x0000000080000000, 0x0000000100000000)
  region size 1024K, 16 young (16384K), 1 survivors (1024K)
 Metaspace       used 56817K, committed 57280K, reserved 1105920K
  class space    used 7449K, committed 7680K, reserved 1048576K
}
Event: 8.451 GC heap after
{Heap after GC invocations=25 (full 0):
 garbage-first heap   total 101376K, used 46884K [0x0000000080000000, 0x0000000100000000)
  region size 1024K, 2 young (2048K), 2 survivors (2048K)
 Metaspace       used 56817K, committed 57280K, reserved 1105920K
  class space    used 7449K, committed 7680K, reserved 1048576K
}
Event: 8.878 GC heap before
{Heap before GC invocations=26 (full 0):
 garbage-first heap   total 101376K, used 72484K [0x0000000080000000, 0x0000000100000000)
  region size 1024K, 27 young (27648K), 2 survivors (2048K)
 Metaspace       used 61632K, committed 62080K, reserved 1105920K
  class space    used 8054K, committed 8256K, reserved 1048576K
}
Event: 8.882 GC heap after
{Heap after GC invocations=27 (full 0):
 garbage-first heap   total 101376K, used 48448K [0x0000000080000000, 0x0000000100000000)
  region size 1024K, 3 young (3072K), 3 survivors (3072K)
 Metaspace       used 61632K, committed 62080K, reserved 1105920K
  class space    used 8054K, committed 8256K, reserved 1048576K
}
Event: 9.122 GC heap before
{Heap before GC invocations=27 (full 0):
 garbage-first heap   total 101376K, used 74048K [0x0000000080000000, 0x0000000100000000)
  region size 1024K, 29 young (29696K), 3 survivors (3072K)
 Metaspace       used 64883K, committed 65344K, reserved 1105920K
  class space    used 8437K, committed 8640K, reserved 1048576K
}
Event: 9.129 GC heap after
{Heap after GC invocations=28 (full 0):
 garbage-first heap   total 101376K, used 51423K [0x0000000080000000, 0x0000000100000000)
  region size 1024K, 4 young (4096K), 4 survivors (4096K)
 Metaspace       used 64883K, committed 65344K, reserved 1105920K
  class space    used 8437K, committed 8640K, reserved 1048576K
}
Event: 9.583 GC heap before
{Heap before GC invocations=29 (full 0):
 garbage-first heap   total 101376K, used 66783K [0x0000000080000000, 0x0000000100000000)
  region size 1024K, 21 young (21504K), 4 survivors (4096K)
 Metaspace       used 66408K, committed 66880K, reserved 1114112K
  class space    used 8604K, committed 8832K, reserved 1048576K
}
Event: 9.589 GC heap after
{Heap after GC invocations=30 (full 0):
 garbage-first heap   total 101376K, used 53044K [0x0000000080000000, 0x0000000100000000)
  region size 1024K, 2 young (2048K), 2 survivors (2048K)
 Metaspace       used 66408K, committed 66880K, reserved 1114112K
  class space    used 8604K, committed 8832K, reserved 1048576K
}
Event: 10.119 GC heap before
{Heap before GC invocations=31 (full 0):
 garbage-first heap   total 101376K, used 79668K [0x0000000080000000, 0x0000000100000000)
  region size 1024K, 27 young (27648K), 2 survivors (2048K)
 Metaspace       used 67221K, committed 67712K, reserved 1114112K
  class space    used 8740K, committed 8960K, reserved 1048576K
}
Event: 10.124 GC heap after
{Heap after GC invocations=32 (full 0):
 garbage-first heap   total 101376K, used 54920K [0x0000000080000000, 0x0000000100000000)
  region size 1024K, 4 young (4096K), 4 survivors (4096K)
 Metaspace       used 67221K, committed 67712K, reserved 1114112K
  class space    used 8740K, committed 8960K, reserved 1048576K
}
Event: 10.578 GC heap before
{Heap before GC invocations=32 (full 0):
 garbage-first heap   total 101376K, used 79496K [0x0000000080000000, 0x0000000100000000)
  region size 1024K, 28 young (28672K), 4 survivors (4096K)
 Metaspace       used 69111K, committed 69568K, reserved 1114112K
  class space    used 9001K, committed 9216K, reserved 1048576K
}
Event: 10.584 GC heap after
{Heap after GC invocations=33 (full 0):
 garbage-first heap   total 101376K, used 56846K [0x0000000080000000, 0x0000000100000000)
  region size 1024K, 2 young (2048K), 2 survivors (2048K)
 Metaspace       used 69111K, committed 69568K, reserved 1114112K
  class space    used 9001K, committed 9216K, reserved 1048576K
}
Event: 11.045 GC heap before
{Heap before GC invocations=34 (full 0):
 garbage-first heap   total 102400K, used 80398K [0x0000000080000000, 0x0000000100000000)
  region size 1024K, 25 young (25600K), 2 survivors (2048K)
 Metaspace       used 72400K, committed 72896K, reserved 1114112K
  class space    used 9625K, committed 9856K, reserved 1048576K
}
Event: 11.048 GC heap after
{Heap after GC invocations=35 (full 0):
 garbage-first heap   total 102400K, used 58182K [0x0000000080000000, 0x0000000100000000)
  region size 1024K, 4 young (4096K), 4 survivors (4096K)
 Metaspace       used 72400K, committed 72896K, reserved 1114112K
  class space    used 9625K, committed 9856K, reserved 1048576K
}

